Logged at Wednesday, May 19, 2021 13:13:38
FileVersion: 5.6.7.94
ProductVersion: 5.6.7.94
LogFile: game.log
GameDir: Assets
Executable: C:\Program Files (x86)\Crytek\CRYENGINE Launcher\Crytek\CRYENGINE_5.6\bin\win_x64\GameLauncher.exe

Exception Code: 0xC0000005
Exception Addr: 0x0033:0x00007FFB7F361FF4
Exception Module: <Unknown>
Exception Description: EXCEPTION_ACCESS_VIOLATION, Attempt to read from address 0xFFFFFFFFFFFFFFFF
The memory could not be "read"
Memory in use: 1400.3MB
Debug Status: 
Out of Memory: 0
MainThread Id: 8828
RenderThread Id: 9008
[Crashed] Thread Id: 9008
[Crashed] ThreadName: RenderThread

[Crashed] Call Stack: ["RenderThread" [9008]]
 10) function=CryRenderD3D11.dll+0x6b1ff4
  9) function=CryRenderD3D11.dll+0x2f0aa7
  8) function=CryRenderD3D11.dll+0x2c8001
  7) function=CryRenderD3D11.dll+0x4f015b
  6) function=CryRenderD3D11.dll+0x4ee8b9
  5) function=CrySystem.dll+0x2126ab
  4) function=ucrtbase.dll+0x214c2
  3) function=KERNEL32.DLL+0x17034
  2) function=ntdll.dll+0x4d0d1
  1) function=ntdll.dll+0x4d0d1


Call Stack: ["JobSystem_Worker_0 (Blocking)" [7792]]
 8) function=ntdll.dll+0x9c034
  7) function=KERNELBASE.dll+0x1a34e
  6) function=CrySystem.dll+0x5918c4
  5) function=CrySystem.dll+0x2126ab
  4) function=ucrtbase.dll+0x214c2
  3) function=KERNEL32.DLL+0x17034
  2) function=ntdll.dll+0x4d0d1
  1) function=ntdll.dll+0x4d0d1
 

Call Stack: ["Streaming AsyncCallback" [4296]]
 8) function=ntdll.dll+0x9c034
  7) function=KERNELBASE.dll+0x1a34e
  6) function=CrySystem.dll+0x1aff0d
  5) function=CrySystem.dll+0x2126ab
  4) function=ucrtbase.dll+0x214c2
  3) function=KERNEL32.DLL+0x17034
  2) function=ntdll.dll+0x4d0d1
  1) function=ntdll.dll+0x4d0d1
 

Call Stack: ["NotificationNetwork" [6688]]
10) function=ntdll.dll+0x9c034
  9) function=mswsock.dll+0x80fc
  8) function=mswsock.dll+0xf4de
  7) function=WS2_32.dll+0x116f7
  6) function=CrySystem.dll+0x3acdce
  5) function=CrySystem.dll+0x3cc77a
  4) function=CrySystem.dll+0x2126ab
  3) function=ucrtbase.dll+0x214c2
  2) function=KERNEL32.DLL+0x17034
  1) function=ntdll.dll+0x4d0d1
 

Call Stack: ["JobSystem_Worker_0" [3320]]
 9) function=ntdll.dll+0x9f9a4
  8) function=ntdll.dll+0x65281
  7) function=KERNELBASE.dll+0x6ba89
  6) function=CrySystem.dll+0x59255c
  5) function=CrySystem.dll+0x2126ab
  4) function=ucrtbase.dll+0x214c2
  3) function=KERNEL32.DLL+0x17034
  2) function=ntdll.dll+0x4d0d1
  1) function=ntdll.dll+0x4d0d1
 

Call Stack: ["JobSystem_Worker_1" [8736]]
 9) function=ntdll.dll+0x9f9a4
  8) function=ntdll.dll+0x65281
  7) function=KERNELBASE.dll+0x6ba89
  6) function=CrySystem.dll+0x59255c
  5) function=CrySystem.dll+0x2126ab
  4) function=ucrtbase.dll+0x214c2
  3) function=KERNEL32.DLL+0x17034
  2) function=ntdll.dll+0x4d0d1
  1) function=ntdll.dll+0x4d0d1
 

Call Stack: ["JobSystem_Helper_2" [8744]]
 9) function=ntdll.dll+0x9f9a4
  8) function=ntdll.dll+0x65281
  7) function=KERNELBASE.dll+0x6ba89
  6) function=CrySystem.dll+0x591c8a
  5) function=CrySystem.dll+0x2126ab
  4) function=ucrtbase.dll+0x214c2
  3) function=KERNEL32.DLL+0x17034
  2) function=ntdll.dll+0x4d0d1
  1) function=ntdll.dll+0x4d0d1
 

Call Stack: ["JobSystem_Helper_3" [1836]]
 9) function=ntdll.dll+0x9f9a4
  8) function=ntdll.dll+0x65281
  7) function=KERNELBASE.dll+0x6ba89
  6) function=CrySystem.dll+0x591c8a
  5) function=CrySystem.dll+0x2126ab
  4) function=ucrtbase.dll+0x214c2
  3) function=KERNEL32.DLL+0x17034
  2) function=ntdll.dll+0x4d0d1
  1) function=ntdll.dll+0x4d0d1
 

Call Stack: ["Streaming File IO HDD" [6676]]
 9) function=ntdll.dll+0x9c034
  8) function=KERNELBASE.dll+0x1a34e
  7) function=CrySystem.dll+0x2d9efd
  6) function=CrySystem.dll+0x1ae1b8
  5) function=CrySystem.dll+0x2126ab
  4) function=ucrtbase.dll+0x214c2
  3) function=KERNEL32.DLL+0x17034
  2) function=ntdll.dll+0x4d0d1
  1) function=ntdll.dll+0x4d0d1
 

Call Stack: ["Streaming File IO InMemory" [3956]]
 9) function=ntdll.dll+0x9c034
  8) function=KERNELBASE.dll+0x1a34e
  7) function=CrySystem.dll+0x2d9efd
  6) function=CrySystem.dll+0x1ae1b8
  5) function=CrySystem.dll+0x2126ab
  4) function=ucrtbase.dll+0x214c2
  3) function=KERNEL32.DLL+0x17034
  2) function=ntdll.dll+0x4d0d1
  1) function=ntdll.dll+0x4d0d1
 

Call Stack: ["ShaderCompile" [9560]]
 8) function=ntdll.dll+0x9c634
  7) function=KERNELBASE.dll+0x4d84e
  6) function=CryRenderD3D11.dll+0x2601ed
  5) function=CrySystem.dll+0x2126ab
  4) function=ucrtbase.dll+0x214c2
  3) function=KERNEL32.DLL+0x17034
  2) function=ntdll.dll+0x4d0d1
  1) function=ntdll.dll+0x4d0d1
 

Call Stack: ["GFxMeshCacheReset" [10528]]
 8) function=ntdll.dll+0x9c034
  7) function=KERNELBASE.dll+0x1a34e
  6) function=CrySystem.dll+0x17574c
  5) function=CrySystem.dll+0x2126ab
  4) function=ucrtbase.dll+0x214c2
  3) function=KERNEL32.DLL+0x17034
  2) function=ntdll.dll+0x4d0d1
  1) function=ntdll.dll+0x4d0d1
 

Call Stack: ["ServiceNetwork" [9116]]
 8) function=ntdll.dll+0x9c634
  7) function=KERNELBASE.dll+0x4d84e
  6) function=CrySystem.dll+0x5f3a7f
  5) function=CrySystem.dll+0x2126ab
  4) function=ucrtbase.dll+0x214c2
  3) function=KERNEL32.DLL+0x17034
  2) function=ntdll.dll+0x4d0d1
  1) function=ntdll.dll+0x4d0d1
 

Call Stack: ["NetAddressSolver" [8604]]
10) function=ntdll.dll+0x9f9a4
  9) function=ntdll.dll+0x65281
  8) function=KERNELBASE.dll+0x6ba89
  7) function=CryNetwork.dll+0x2626a9
  6) function=CryNetwork.dll+0x147bb4
  5) function=CrySystem.dll+0x2126ab
  4) function=ucrtbase.dll+0x214c2
  3) function=KERNEL32.DLL+0x17034
  2) function=ntdll.dll+0x4d0d1
  1) function=ntdll.dll+0x4d0d1
 

Call Stack: ["ZLibCompressor" [1576]]
 8) function=ntdll.dll+0x9c034
  7) function=KERNELBASE.dll+0x1a34e
  6) function=CryAction.dll+0x809f23
  5) function=CrySystem.dll+0x2126ab
  4) function=ucrtbase.dll+0x214c2
  3) function=KERNEL32.DLL+0x17034
  2) function=ntdll.dll+0x4d0d1
  1) function=ntdll.dll+0x4d0d1
 

Call Stack: ["InputWorker" [7668]]
 8) function=ntdll.dll+0x9c634
  7) function=KERNELBASE.dll+0x4d84e
  6) function=CryInput.dll+0x66d8e
  5) function=CrySystem.dll+0x2126ab
  4) function=ucrtbase.dll+0x214c2
  3) function=KERNEL32.DLL+0x17034
  2) function=ntdll.dll+0x4d0d1
  1) function=ntdll.dll+0x4d0d1
 

Call Stack: ["Network" [3768]]
 9) function=ntdll.dll+0x9c034
  8) function=KERNELBASE.dll+0x1a34e
  7) function=CryNetwork.dll+0x26271d
  6) function=CryNetwork.dll+0x25b9c9
  5) function=CrySystem.dll+0x2126ab
  4) function=ucrtbase.dll+0x214c2
  3) function=KERNEL32.DLL+0x17034
  2) function=ntdll.dll+0x4d0d1
  1) function=ntdll.dll+0x4d0d1
 

Call Stack: ["VoxelStreamingWorker_1" [10832]]
 8) function=ntdll.dll+0x9c034
  7) function=KERNELBASE.dll+0x1a34e
  6) function=Cry3DEngine.dll+0x460020
  5) function=CrySystem.dll+0x2126ab
  4) function=ucrtbase.dll+0x214c2
  3) function=KERNEL32.DLL+0x17034
  2) function=ntdll.dll+0x4d0d1
  1) function=ntdll.dll+0x4d0d1
 

Call Stack: ["VoxelStreamingWorker_0" [11120]]
 8) function=ntdll.dll+0x9c034
  7) function=KERNELBASE.dll+0x1a34e
  6) function=Cry3DEngine.dll+0x460020
  5) function=CrySystem.dll+0x2126ab
  4) function=ucrtbase.dll+0x214c2
  3) function=KERNEL32.DLL+0x17034
  2) function=ntdll.dll+0x4d0d1
  1) function=ntdll.dll+0x4d0d1
 

Call Stack: ["PhysicsWorkerThread_0" [10712]]
 8) function=ntdll.dll+0x9c034
  7) function=KERNELBASE.dll+0x1a34e
  6) function=CryPhysics.dll+0x21ac28
  5) function=CrySystem.dll+0x2126ab
  4) function=ucrtbase.dll+0x214c2
  3) function=KERNEL32.DLL+0x17034
  2) function=ntdll.dll+0x4d0d1
  1) function=ntdll.dll+0x4d0d1
 

Call Stack: ["Physics" [4892]]
 8) function=ntdll.dll+0x9c034
  7) function=KERNELBASE.dll+0x1a34e
  6) function=CrySystem.dll+0x3cc2ea
  5) function=CrySystem.dll+0x2126ab
  4) function=ucrtbase.dll+0x214c2
  3) function=KERNEL32.DLL+0x17034
  2) function=ntdll.dll+0x4d0d1
  1) function=ntdll.dll+0x4d0d1
 

Call Stack: ["CaptureCrashScreenShot" [10080]]
10) function=ntdll.dll+0x9f9a4
  9) function=ntdll.dll+0x65281
  8) function=KERNELBASE.dll+0x6ba89
  7) function=MSVCP140.dll+0x3bf3d
  6) function=MSVCP140.dll+0x12798
  5) function=MSVCP140.dll+0x12a4a
  4) function=CrySystem.dll+0x2d1c8f
  3) function=CrySystem.dll+0x2126ab
  2) function=ucrtbase.dll+0x214c2
  1) function=KERNEL32.DLL+0x17034
 

Call Stack: ["AudioMainThread" [8276]]
 8) function=ntdll.dll+0x9c034
  7) function=KERNELBASE.dll+0x1a34e
  6) function=CryAudioSystem.dll+0xd098e
  5) function=CrySystem.dll+0x2126ab
  4) function=ucrtbase.dll+0x214c2
  3) function=KERNEL32.DLL+0x17034
  2) function=ntdll.dll+0x4d0d1
  1) function=ntdll.dll+0x4d0d1
 

Call Stack: ["Main" [8828]]
10) function=ntdll.dll+0x9f9a4
  9) function=ntdll.dll+0x65281
  8) function=KERNELBASE.dll+0x6ba89
  7) function=MSVCP140.dll+0x3bf3d
  6) function=MSVCP140.dll+0x127f4
  5) function=MSVCP140.dll+0x129b3
  4) function=CryRenderD3D11.dll+0x51bfa5
  3) function=CryRenderD3D11.dll+0x51420a
  2) function=CryRenderD3D11.dll+0x4f3fdd
  1) function=CryRenderD3D11.dll+0x365783
 